[Deprecation] HTML Imports is deprecated and will be removed in M80, around February 2020. Please use ES modules instead. See https://www.chromestatus.com/features/5144752345317376 and https://developers.google.com/web/updates/2019/07/web-components-time-to-upgrade for more details.
['issue1','issue2','issue3']
(3) ["issue1", "issue2", "issue3"]
var issues = ['issue1','issue2','issue3'];
undefined
var issues = ['issue1','issue2','issue3']
undefined
var issues = ['issue1','issue2','issue3'];
undefined
issues
(3) ["issue1", "issue2", "issue3"]
issues.push('issue4');
4
issues
(4) ["issue1", "issue2", "issue3", "issue4"]0: "issue1"1: "issue2"2: "issue3"3: "issue4"length: 4__proto__: Array(0)
console.log(issues)
VM308:1 (4) ["issue1", "issue2", "issue3", "issue4"]0: "issue1"1: "issue2"2: "issue3"3: "issue4"length: 4__proto__: Array(0)
undefined
console.log(' The issues are :', issues);
VM354:1  The issues are : (4) ["issue1", "issue2", "issue3", "issue4"]0: "issue1"1: "changed value"2: "issue3"3: "issue4"length: 4__proto__: Array(0)length: 0constructor: ƒ Array()concat: ƒ concat()copyWithin: ƒ copyWithin()fill: ƒ fill()find: ƒ find()findIndex: ƒ findIndex()lastIndexOf: ƒ lastIndexOf()pop: ƒ pop()push: ƒ push()reverse: ƒ reverse()shift: ƒ shift()unshift: ƒ unshift()slice: ƒ slice()sort: ƒ sort()splice: ƒ splice()includes: ƒ includes()indexOf: ƒ indexOf()join: ƒ join()keys: ƒ keys()entries: ƒ entries()values: ƒ values()forEach: ƒ forEach()filter: ƒ filter()flat: ƒ flat()flatMap: ƒ flatMap()map: ƒ map()every: ƒ every()some: ƒ some()reduce: ƒ reduce()reduceRight: ƒ reduceRight()toLocaleString: ƒ toLocaleString()toString: ƒ toString()Symbol(Symbol.iterator): ƒ values()Symbol(Symbol.unscopables): {copyWithin: true, entries: true, fill: true, find: true, findIndex: true, …}__proto__: Object
undefined
issues[1];
"issue2"
issues[1] = 'changed value';
"changed value"
console.log('issues');
VM538:1 issues
undefined
console.log(issues);
VM551:1 (4) ["issue1", "changed value", "issue3", "issue4"]
undefined
issues.splice
ƒ splice() { [native code] }
issues.splice(1,1);
["changed value"]
console.log(issues);
VM626:1 (3) ["issue1", "issue3", "issue4"]
undefined
issues.splice(1,2);
(2) ["issue3", "issue4"]
console.log(issues);
VM646:1 ["issue1"]
undefined
issues.push('issue2','issue3','issue4');
4
console.log(issues);
VM714:1 (4) ["issue1", "issue2", "issue3", "issue4"]
undefined
